<?xml version="1.0" encoding="UTF-8"?>
<testsuite xmlns:xsi="http://www.w3.org/2001/XMLSchema-instance" xsi:noNamespaceSchemaLocation="https://maven.apache.org/surefire/maven-surefire-plugin/xsd/surefire-test-report-3.0.xsd" version="3.0" name="graph.DagSpTest" time="0.097" tests="3" errors="0" skipped="0" failures="0">
  <properties>
[...]
</properties>
  <testcase name="testShortestPaths" classname="graph.DagSpTest" time="0.061"/>
  <testcase name="testUnreachableNode" classname="graph.DagSpTest" time="0.002"/>
  <testcase name="testLongestPaths" classname="graph.DagSpTest" time="0.002"/>
</testsuite>